<?xml version="1.0" encoding="UTF-8"?>
<testsuite name="LeapTest" tests="4" skipped="0" failures="0" errors="0" timestamp="2018-09-25T14:17:47" hostname="laasilva.corporate.thoughtworks.com" time="0.015">
  <properties/>
  <testcase name="yearDivisibleBy100NotDivisibleBy400" classname="LeapTest" time="0.013"/>
  <testcase name="yearNotDivisibleBy4" classname="LeapTest" time="0.0"/>
  <testcase name="yearDivisibleBy4NotDivisibleBy100" classname="LeapTest" time="0.0"/>
  <testcase name="yearDivisibleBy400" classname="LeapTest" time="0.001"/>
  <system-out><![CDATA[]]></system-out>
  <system-err><![CDATA[]]></system-err>
</testsuite>
